= Start
@ /home/fyl/SSY/Odbc/src/Main:[0x401a8a] + 0x13f1750 0x60
@ /home/fyl/SSY/Odbc/src/Main:[0x40196e] + 0x13f17c0 0xc0
@ /home/fyl/SSY/Odbc/src/Main:[0x40197c] + 0x13f1890 0x10
@ /home/fyl/SSY/Odbc/src/Main:[0x401a17] + 0x13f18b0 0x20
@ /home/fyl/SSY/Odbc/src/Main:[0x401664] + 0x13f18e0 0x98
@ /home/fyl/SSY/Odbc/src/Main:[0x401664] + 0x13f1980 0x98
@ /home/fyl/SSY/Odbc/src/Main:[0x401664] + 0x13f1a20 0x98
@ /home/fyl/SSY/Odbc/src/Main:[0x401a17] + 0x13f1ac0 0x2a
@ /home/fyl/SSY/Odbc/src/Main:[0x401a17] + 0x13f1b00 0x2a
@ /lib/x86_64-linux-gnu/libc.so.6:(_IO_file_doallocate+0x55)[0x7fbc0b95d1d5] + 0x13f1b40 0x400
@ /home/fyl/SSY/Odbc/src/Main:[0x401719] - 0x13f18e0
@ /home/fyl/SSY/Odbc/src/Main:[0x401719] - 0x13f1980
@ /home/fyl/SSY/Odbc/src/Main:[0x401719] - 0x13f1a20
@ /home/fyl/SSY/Odbc/src/Main:[0x40174a] - 0x13f1890
@ /home/fyl/SSY/Odbc/src/Main:[0x401c20] - 0x13f17c0
@ /home/fyl/SSY/Odbc/src/Main:[0x401cdb] - 0x13f1b00
@ /home/fyl/SSY/Odbc/src/Main:[0x401cdb] - 0x13f1ac0
@ /home/fyl/SSY/Odbc/src/Main:[0x401d08] - 0x13f18b0
@ /home/fyl/SSY/Odbc/src/Main:[0x401c51] - 0x13f1750
= End
